Using pre-set license

 COMMAND LINE ARGUMENTS:
/Applications/Unity/Hub/Editor/2020.2.1f1/Unity.app/Contents/MacOS/Unity
-adb2
-batchMode
-noUpm
-name
AssetImportWorker0
-projectPath
/Users/jasonman/Documents/Final sem/COMP3329/ProjectGit/gitForProject/FackMaskFactory
-logFile
Logs/AssetImportWorker0.log
-srvPort
61146
Successfully changed project path to: /Users/jasonman/Documents/Final sem/COMP3329/ProjectGit/gitForProject/FackMaskFactory
/Users/jasonman/Documents/Final sem/COMP3329/ProjectGit/gitForProject/FackMaskFactory
Using Asset Import Pipeline V2.
Refreshing native plugins compatible for Editor in 39.82 ms, found 2 plugins.
Preloading 0 native plugins for Editor in 0.00 ms.
Initialize engine version: 2020.2.1f1 (270dd8c3da1c)
[Subsystems] Discovering subsystems at path /Applications/Unity/Hub/Editor/2020.2.1f1/Unity.app/Contents/Resources/UnitySubsystems
[Subsystems] Discovering subsystems at path /Users/jasonman/Documents/Final sem/COMP3329/ProjectGit/gitForProject/FackMaskFactory/Assets
GfxDevice: creating device client; threaded=0
2021-02-26 15:10:19.080 Unity[15966:834112] (null) preferred device: Apple M1 (high power)
2021-02-26 15:10:19.080 Unity[15966:834112] Metal devices available: 1
2021-02-26 15:10:19.080 Unity[15966:834112] 0: Apple M1 (high power)
2021-02-26 15:10:19.080 Unity[15966:834112] Using device Apple M1 (high power)
Initializing Metal device caps: Apple M1
Initialize mono
Mono path[0] = '/Applications/Unity/Hub/Editor/2020.2.1f1/Unity.app/Contents/Managed'
Mono path[1] = '/Applications/Unity/Hub/Editor/2020.2.1f1/Unity.app/Contents/MonoBleedingEdge/lib/mono/unityjit'
Mono config path = '/Applications/Unity/Hub/Editor/2020.2.1f1/Unity.app/Contents/MonoBleedingEdge/etc'
Using monoOptions --debugger-agent=transport=dt_socket,embedding=1,server=y,suspend=n,address=127.0.0.1:56966
Begin MonoManager ReloadAssembly
Registering precompiled unity dll's ...
Register platform support module: /Applications/Unity/Hub/Editor/2020.2.1f1/Unity.app/Contents/PlaybackEngines/MacStandaloneSupport/UnityEditor.OSXStandalone.Extensions.dll
Registered in 0.001210 seconds.
Native extension for OSXStandalone target not found
Refreshing native plugins compatible for Editor in 39.28 ms, found 2 plugins.
Preloading 0 native plugins for Editor in 0.00 ms.
Invoked RoslynAnalysisRunner static constructor.
RoslynAnalysisRunner will not be running.
RoslynAnalysisRunner has terminated.
Mono: successfully reloaded assembly
- Completed reload, in  2.534 seconds
Platform modules already initialized, skipping
Registering precompiled user dll's ...
Registered in 0.001758 seconds.
Begin MonoManager ReloadAssembly
Native extension for OSXStandalone target not found
Refreshing native plugins compatible for Editor in 38.13 ms, found 2 plugins.
Preloading 0 native plugins for Editor in 0.00 ms.
Invoked RoslynAnalysisRunner static constructor.
RoslynAnalysisRunner will not be running.
RoslynAnalysisRunner has terminated.
Mono: successfully reloaded assembly
- Completed reload, in  1.893 seconds
Platform modules already initialized, skipping
========================================================================
Worker process is ready to serve import requests
Launching external process: /Applications/Unity/Hub/Editor/2020.2.1f1/Unity.app/Contents/Tools/UnityShaderCompiler
Launched and connected shader compiler UnityShaderCompiler after 0.03 seconds
Refreshing native plugins compatible for Editor in 0.33 ms, found 2 plugins.
Preloading 0 native plugins for Editor in 0.00 ms.
Unloading 2087 Unused Serialized files (Serialized files now loaded: 0)
System memory in use before: 162.0 MB.
System memory in use after: 162.0 MB.

Unloading 26 unused Assets to reduce memory usage. Loaded Objects now: 2530.
Total: 1.746583 ms (FindLiveObjects: 0.225209 ms CreateObjectMapping: 0.041167 ms MarkObjects: 1.377750 ms  DeleteObjects: 0.101791 ms)

========================================================================
Received Import Request.
  path: Assets/Scenes/SampleScene.unity
  artifactKey: Guid(2cda990e2423bbf4892e6590ba056729) Importer(815301076,1909f56bfc062723c751e8b465ee728b)
Start importing Assets/Scenes/SampleScene.unity using Guid(2cda990e2423bbf4892e6590ba056729) Importer(815301076,1909f56bfc062723c751e8b465ee728b)  -> (artifact id: 'a077e9290fab439d8aa2a760a57f8148') in 0.017718 seconds
  Import took 0.020866 seconds .

========================================================================
Received Prepare
Registering precompiled user dll's ...
Registered in 0.001309 seconds.
Begin MonoManager ReloadAssembly
Native extension for OSXStandalone target not found
Refreshing native plugins compatible for Editor in 0.35 ms, found 2 plugins.
Preloading 0 native plugins for Editor in 0.00 ms.
Invoked RoslynAnalysisRunner static constructor.
RoslynAnalysisRunner will not be running.
RoslynAnalysisRunner has terminated.
Mono: successfully reloaded assembly
- Completed reload, in  1.811 seconds
Platform modules already initialized, skipping
Refreshing native plugins compatible for Editor in 0.34 ms, found 2 plugins.
Preloading 0 native plugins for Editor in 0.00 ms.
Unloading 2081 Unused Serialized files (Serialized files now loaded: 0)
System memory in use before: 162.2 MB.
System memory in use after: 162.2 MB.

Unloading 12 unused Assets to reduce memory usage. Loaded Objects now: 2533.
Total: 2.281750 ms (FindLiveObjects: 0.140917 ms CreateObjectMapping: 0.040708 ms MarkObjects: 2.007875 ms  DeleteObjects: 0.091333 ms)

========================================================================
Received Prepare
Registering precompiled user dll's ...
Registered in 0.001082 seconds.
Begin MonoManager ReloadAssembly
Native extension for OSXStandalone target not found
Refreshing native plugins compatible for Editor in 0.33 ms, found 2 plugins.
Preloading 0 native plugins for Editor in 0.00 ms.
Invoked RoslynAnalysisRunner static constructor.
RoslynAnalysisRunner will not be running.
RoslynAnalysisRunner has terminated.
Mono: successfully reloaded assembly
- Completed reload, in  1.772 seconds
Platform modules already initialized, skipping
Refreshing native plugins compatible for Editor in 0.32 ms, found 2 plugins.
Preloading 0 native plugins for Editor in 0.00 ms.
Unloading 2081 Unused Serialized files (Serialized files now loaded: 0)
System memory in use before: 162.6 MB.
System memory in use after: 162.6 MB.

Unloading 12 unused Assets to reduce memory usage. Loaded Objects now: 2536.
Total: 2.299375 ms (FindLiveObjects: 0.172334 ms CreateObjectMapping: 0.040417 ms MarkObjects: 1.997833 ms  DeleteObjects: 0.088084 ms)

========================================================================
Received Import Request.
  Time since last request: 221.108881 seconds.
  path: Assets/Scenes/waitingRoom.unity
  artifactKey: Guid(9098e52a8ea2b4512898de328c35c477) Importer(815301076,1909f56bfc062723c751e8b465ee728b)
Start importing Assets/Scenes/waitingRoom.unity using Guid(9098e52a8ea2b4512898de328c35c477) Importer(815301076,1909f56bfc062723c751e8b465ee728b)  -> (artifact id: '4ece476ee50487b405af71f92177ef12') in 0.016792 seconds
  Import took 0.020169 seconds .

========================================================================
Received Prepare
Registering precompiled user dll's ...
Registered in 0.000999 seconds.
Begin MonoManager ReloadAssembly
Native extension for OSXStandalone target not found
Refreshing native plugins compatible for Editor in 0.34 ms, found 2 plugins.
Preloading 0 native plugins for Editor in 0.00 ms.
Invoked RoslynAnalysisRunner static constructor.
RoslynAnalysisRunner will not be running.
RoslynAnalysisRunner has terminated.
Mono: successfully reloaded assembly
- Completed reload, in  1.712 seconds
Platform modules already initialized, skipping
Refreshing native plugins compatible for Editor in 0.25 ms, found 2 plugins.
Preloading 0 native plugins for Editor in 0.00 ms.
Unloading 2081 Unused Serialized files (Serialized files now loaded: 0)
System memory in use before: 163.0 MB.
System memory in use after: 163.0 MB.

Unloading 12 unused Assets to reduce memory usage. Loaded Objects now: 2539.
Total: 2.251333 ms (FindLiveObjects: 0.126667 ms CreateObjectMapping: 0.040792 ms MarkObjects: 1.994625 ms  DeleteObjects: 0.088541 ms)

========================================================================
Received Import Request.
  Time since last request: 54.681954 seconds.
  path: Assets/Scenes/SampleScene.unity
  artifactKey: Guid(2cda990e2423bbf4892e6590ba056729) Importer(815301076,1909f56bfc062723c751e8b465ee728b)
Start importing Assets/Scenes/SampleScene.unity using Guid(2cda990e2423bbf4892e6590ba056729) Importer(815301076,1909f56bfc062723c751e8b465ee728b)  -> (artifact id: 'effd3ff0ff36271b8c1fc35677520d7c') in 0.024645 seconds
  Import took 0.029009 seconds .

========================================================================
Received Import Request.
  Time since last request: 41.766129 seconds.
  path: Assets/lightcaster.cs
  artifactKey: Guid(4b1c07370430e4760bc96cafae8a7c7f) Importer(815301076,1909f56bfc062723c751e8b465ee728b)
Start importing Assets/lightcaster.cs using Guid(4b1c07370430e4760bc96cafae8a7c7f) Importer(815301076,1909f56bfc062723c751e8b465ee728b)  -> (artifact id: 'daae887cd2d720a4350eb46b2a6c2b51') in 0.248474 seconds
  Import took 0.251161 seconds .

========================================================================
Received Prepare
Registering precompiled user dll's ...
Registered in 0.000525 seconds.
Begin MonoManager ReloadAssembly
Native extension for OSXStandalone target not found
Refreshing native plugins compatible for Editor in 0.38 ms, found 2 plugins.
Preloading 0 native plugins for Editor in 0.00 ms.
Invoked RoslynAnalysisRunner static constructor.
RoslynAnalysisRunner will not be running.
RoslynAnalysisRunner has terminated.
Mono: successfully reloaded assembly
- Completed reload, in  1.836 seconds
Platform modules already initialized, skipping
Refreshing native plugins compatible for Editor in 0.30 ms, found 2 plugins.
Preloading 0 native plugins for Editor in 0.00 ms.
Unloading 2081 Unused Serialized files (Serialized files now loaded: 0)
System memory in use before: 167.7 MB.
System memory in use after: 167.7 MB.

Unloading 12 unused Assets to reduce memory usage. Loaded Objects now: 2542.
Total: 2.363375 ms (FindLiveObjects: 0.127625 ms CreateObjectMapping: 0.038917 ms MarkObjects: 2.100541 ms  DeleteObjects: 0.095334 ms)

========================================================================
Received Import Request.
  Time since last request: 171.807705 seconds.
  path: ProjectSettings/TagManager.asset
  artifactKey: Guid(00000000000000003000000000000000) Importer(815301076,1909f56bfc062723c751e8b465ee728b)
Start importing ProjectSettings/TagManager.asset using Guid(00000000000000003000000000000000) Importer(815301076,1909f56bfc062723c751e8b465ee728b)  -> (artifact id: '2a276bfe1a8cbeea2c89852a4ad7a997') in 0.618759 seconds
  Import took 0.621588 seconds .

========================================================================
Received Import Request.
  Time since last request: 80.635462 seconds.
  path: Assets/Materials/Other Side Mask.mat
  artifactKey: Guid(43a1c3e49fdc0426ab5e503cd2132f0f) Importer(815301076,1909f56bfc062723c751e8b465ee728b)
Start importing Assets/Materials/Other Side Mask.mat using Guid(43a1c3e49fdc0426ab5e503cd2132f0f) Importer(815301076,1909f56bfc062723c751e8b465ee728b)  -> (artifact id: 'b62d1d68bf9ceb18a93a5e11ed8fcb77') in 0.341762 seconds
  Import took 0.344700 seconds .

========================================================================
Received Import Request.
  Time since last request: 0.000295 seconds.
  path: Assets/Materials/OtherSide.renderTexture
  artifactKey: Guid(84c56334397394e6a97cbae9f07e7e87) Importer(815301076,1909f56bfc062723c751e8b465ee728b)
Start importing Assets/Materials/OtherSide.renderTexture using Guid(84c56334397394e6a97cbae9f07e7e87) Importer(815301076,1909f56bfc062723c751e8b465ee728b)  -> (artifact id: 'e8788961aeb9e4772592b6360777a0bb') in 0.106274 seconds
  Import took 0.108762 seconds .

========================================================================
Received Import Request.
  Time since last request: 22.797278 seconds.
  path: Assets/Materials/Maskshader.shader
  artifactKey: Guid(92feb93a627ca4e7abda206e2517f690) Importer(815301076,1909f56bfc062723c751e8b465ee728b)
Start importing Assets/Materials/Maskshader.shader using Guid(92feb93a627ca4e7abda206e2517f690) Importer(815301076,1909f56bfc062723c751e8b465ee728b)  -> (artifact id: '844016040699ea509c97bc493f9af327') in 0.191666 seconds
  Import took 0.194453 seconds .

========================================================================
Received Import Request.
  Time since last request: 959.409806 seconds.
  path: Assets/fxv6ogt1acn51.png
  artifactKey: Guid(887d7b6130f8b4332ae1bd696d18eead) Importer(815301076,1909f56bfc062723c751e8b465ee728b)
Start importing Assets/fxv6ogt1acn51.png using Guid(887d7b6130f8b4332ae1bd696d18eead) Importer(815301076,1909f56bfc062723c751e8b465ee728b)  -> (artifact id: '3d9e671f4ab9d2698deeba3fd96838aa') in 0.528714 seconds
  Import took 0.532673 seconds .

========================================================================
Received Import Request.
  Time since last request: 176.370363 seconds.
  path: Assets/among us map.png
  artifactKey: Guid(887d7b6130f8b4332ae1bd696d18eead) Importer(815301076,1909f56bfc062723c751e8b465ee728b)
Start importing Assets/among us map.png using Guid(887d7b6130f8b4332ae1bd696d18eead) Importer(815301076,1909f56bfc062723c751e8b465ee728b)  -> (artifact id: '108527a5025da9059394088d2047e672') in 0.015093 seconds
  Import took 0.018090 seconds .

========================================================================
Received Import Request.
  Time since last request: 0.000429 seconds.
  path: Assets/among us map.png
  artifactKey: Guid(887d7b6130f8b4332ae1bd696d18eead) Importer(815301076,1909f56bfc062723c751e8b465ee728b)
Start importing Assets/among us map.png using Guid(887d7b6130f8b4332ae1bd696d18eead) Importer(815301076,1909f56bfc062723c751e8b465ee728b)  -> (artifact id: '108527a5025da9059394088d2047e672') in 0.008820 seconds
  Import took 0.011401 seconds .

========================================================================
Received Import Request.
  Time since last request: 165.060100 seconds.
  path: Assets/Materials
  artifactKey: Guid(7d68e3b02e6a94536bf73934a9bf291f) Importer(815301076,1909f56bfc062723c751e8b465ee728b)
Start importing Assets/Materials using Guid(7d68e3b02e6a94536bf73934a9bf291f) Importer(815301076,1909f56bfc062723c751e8b465ee728b)  -> (artifact id: 'aab380858a0129c92cf2024a7f39e073') in 0.001013 seconds
  Import took 0.003729 seconds .

========================================================================
Received Prepare
Registering precompiled user dll's ...
Registered in 0.000679 seconds.
Begin MonoManager ReloadAssembly
Native extension for OSXStandalone target not found
Refreshing native plugins compatible for Editor in 0.36 ms, found 2 plugins.
Preloading 0 native plugins for Editor in 0.00 ms.
Invoked RoslynAnalysisRunner static constructor.
RoslynAnalysisRunner will not be running.
RoslynAnalysisRunner has terminated.
Mono: successfully reloaded assembly
- Completed reload, in  1.823 seconds
Platform modules already initialized, skipping
Refreshing native plugins compatible for Editor in 0.33 ms, found 2 plugins.
Preloading 0 native plugins for Editor in 0.00 ms.
Unloading 2081 Unused Serialized files (Serialized files now loaded: 0)
System memory in use before: 192.9 MB.
System memory in use after: 192.9 MB.

Unloading 13 unused Assets to reduce memory usage. Loaded Objects now: 2591.
Total: 2.289000 ms (FindLiveObjects: 0.137750 ms CreateObjectMapping: 0.040750 ms MarkObjects: 2.027500 ms  DeleteObjects: 0.082209 ms)

========================================================================
Received Prepare
Registering precompiled user dll's ...
Registered in 0.000532 seconds.
Begin MonoManager ReloadAssembly
Native extension for OSXStandalone target not found
Refreshing native plugins compatible for Editor in 0.35 ms, found 2 plugins.
Preloading 0 native plugins for Editor in 0.00 ms.
Invoked RoslynAnalysisRunner static constructor.
RoslynAnalysisRunner will not be running.
RoslynAnalysisRunner has terminated.
Mono: successfully reloaded assembly
- Completed reload, in  1.845 seconds
Platform modules already initialized, skipping
Refreshing native plugins compatible for Editor in 0.45 ms, found 2 plugins.
Preloading 0 native plugins for Editor in 0.00 ms.
Unloading 2081 Unused Serialized files (Serialized files now loaded: 0)
System memory in use before: 193.2 MB.
System memory in use after: 193.2 MB.

Unloading 12 unused Assets to reduce memory usage. Loaded Objects now: 2594.
Total: 3.198292 ms (FindLiveObjects: 0.248417 ms CreateObjectMapping: 0.043542 ms MarkObjects: 2.782916 ms  DeleteObjects: 0.122083 ms)

========================================================================
Received Prepare
Registering precompiled user dll's ...
Registered in 0.000788 seconds.
Begin MonoManager ReloadAssembly
Native extension for OSXStandalone target not found
Refreshing native plugins compatible for Editor in 0.35 ms, found 2 plugins.
Preloading 0 native plugins for Editor in 0.00 ms.
Invoked RoslynAnalysisRunner static constructor.
RoslynAnalysisRunner will not be running.
RoslynAnalysisRunner has terminated.
Mono: successfully reloaded assembly
- Completed reload, in  1.899 seconds
Platform modules already initialized, skipping
Refreshing native plugins compatible for Editor in 0.23 ms, found 2 plugins.
Preloading 0 native plugins for Editor in 0.00 ms.
Unloading 2081 Unused Serialized files (Serialized files now loaded: 0)
System memory in use before: 193.6 MB.
System memory in use after: 193.6 MB.

Unloading 12 unused Assets to reduce memory usage. Loaded Objects now: 2597.
Total: 2.334542 ms (FindLiveObjects: 0.173291 ms CreateObjectMapping: 0.042250 ms MarkObjects: 2.031125 ms  DeleteObjects: 0.087125 ms)

========================================================================
Received Prepare
Registering precompiled user dll's ...
Registered in 0.001021 seconds.
Begin MonoManager ReloadAssembly
Native extension for OSXStandalone target not found
Refreshing native plugins compatible for Editor in 0.35 ms, found 2 plugins.
Preloading 0 native plugins for Editor in 0.00 ms.
Invoked RoslynAnalysisRunner static constructor.
RoslynAnalysisRunner will not be running.
RoslynAnalysisRunner has terminated.
Mono: successfully reloaded assembly
- Completed reload, in  1.777 seconds
Platform modules already initialized, skipping
Refreshing native plugins compatible for Editor in 0.33 ms, found 2 plugins.
Preloading 0 native plugins for Editor in 0.00 ms.
Unloading 2081 Unused Serialized files (Serialized files now loaded: 0)
System memory in use before: 194.0 MB.
System memory in use after: 194.0 MB.

Unloading 12 unused Assets to reduce memory usage. Loaded Objects now: 2600.
Total: 2.341666 ms (FindLiveObjects: 0.152458 ms CreateObjectMapping: 0.041333 ms MarkObjects: 2.053083 ms  DeleteObjects: 0.093875 ms)

========================================================================
Received Prepare
Registering precompiled user dll's ...
Registered in 0.000743 seconds.
Begin MonoManager ReloadAssembly
Native extension for OSXStandalone target not found
Refreshing native plugins compatible for Editor in 0.34 ms, found 2 plugins.
Preloading 0 native plugins for Editor in 0.00 ms.
Invoked RoslynAnalysisRunner static constructor.
RoslynAnalysisRunner will not be running.
RoslynAnalysisRunner has terminated.
Mono: successfully reloaded assembly
- Completed reload, in  1.816 seconds
Platform modules already initialized, skipping
Refreshing native plugins compatible for Editor in 0.29 ms, found 2 plugins.
Preloading 0 native plugins for Editor in 0.00 ms.
Unloading 2081 Unused Serialized files (Serialized files now loaded: 0)
System memory in use before: 194.3 MB.
System memory in use after: 194.4 MB.

Unloading 12 unused Assets to reduce memory usage. Loaded Objects now: 2603.
Total: 2.269459 ms (FindLiveObjects: 0.144833 ms CreateObjectMapping: 0.043167 ms MarkObjects: 1.994625 ms  DeleteObjects: 0.085959 ms)

========================================================================
Received Prepare
Registering precompiled user dll's ...
Registered in 0.000549 seconds.
Begin MonoManager ReloadAssembly
Native extension for OSXStandalone target not found
Refreshing native plugins compatible for Editor in 0.38 ms, found 2 plugins.
Preloading 0 native plugins for Editor in 0.00 ms.
Invoked RoslynAnalysisRunner static constructor.
RoslynAnalysisRunner will not be running.
RoslynAnalysisRunner has terminated.
Mono: successfully reloaded assembly
- Completed reload, in  1.738 seconds
Platform modules already initialized, skipping
Refreshing native plugins compatible for Editor in 0.20 ms, found 2 plugins.
Preloading 0 native plugins for Editor in 0.00 ms.
Unloading 2081 Unused Serialized files (Serialized files now loaded: 0)
System memory in use before: 194.7 MB.
System memory in use after: 194.7 MB.

Unloading 12 unused Assets to reduce memory usage. Loaded Objects now: 2606.
Total: 2.255125 ms (FindLiveObjects: 0.122333 ms CreateObjectMapping: 0.040875 ms MarkObjects: 2.008791 ms  DeleteObjects: 0.082250 ms)

========================================================================
Received Prepare
Registering precompiled user dll's ...
Registered in 0.000804 seconds.
Begin MonoManager ReloadAssembly
Native extension for OSXStandalone target not found
Refreshing native plugins compatible for Editor in 0.34 ms, found 2 plugins.
Preloading 0 native plugins for Editor in 0.00 ms.
Invoked RoslynAnalysisRunner static constructor.
RoslynAnalysisRunner will not be running.
RoslynAnalysisRunner has terminated.
Mono: successfully reloaded assembly
- Completed reload, in  1.742 seconds
Platform modules already initialized, skipping
Refreshing native plugins compatible for Editor in 0.33 ms, found 2 plugins.
Preloading 0 native plugins for Editor in 0.00 ms.
Unloading 2081 Unused Serialized files (Serialized files now loaded: 0)
System memory in use before: 195.1 MB.
System memory in use after: 195.1 MB.

Unloading 12 unused Assets to reduce memory usage. Loaded Objects now: 2609.
Total: 2.249875 ms (FindLiveObjects: 0.146333 ms CreateObjectMapping: 0.038583 ms MarkObjects: 1.971792 ms  DeleteObjects: 0.092167 ms)

========================================================================
Received Import Request.
  Time since last request: 1069.276513 seconds.
  path: Assets/Prefabs/Player.prefab
  artifactKey: Guid(9c984766b9f8046b5a441d2eac0e0548) Importer(815301076,1909f56bfc062723c751e8b465ee728b)
Start importing Assets/Prefabs/Player.prefab using Guid(9c984766b9f8046b5a441d2eac0e0548) Importer(815301076,1909f56bfc062723c751e8b465ee728b)  -> (artifact id: '08533fa3e22c2b1440c3dcfd1345c3c3') in 0.300633 seconds
  Import took 0.304411 seconds .

