Using pre-set license

 COMMAND LINE ARGUMENTS:
/Applications/Unity/Hub/Editor/2020.2.1f1/Unity.app/Contents/MacOS/Unity
-adb2
-batchMode
-noUpm
-name
AssetImportWorker0
-projectPath
/Users/jasonman/Documents/Final sem/COMP3329/ProjectGit/gitForProject/FackMaskFactory
-logFile
Logs/AssetImportWorker0.log
-srvPort
61058
Successfully changed project path to: /Users/jasonman/Documents/Final sem/COMP3329/ProjectGit/gitForProject/FackMaskFactory
/Users/jasonman/Documents/Final sem/COMP3329/ProjectGit/gitForProject/FackMaskFactory
Using Asset Import Pipeline V2.
Refreshing native plugins compatible for Editor in 86.19 ms, found 2 plugins.
Preloading 0 native plugins for Editor in 0.00 ms.
Initialize engine version: 2020.2.1f1 (270dd8c3da1c)
[Subsystems] Discovering subsystems at path /Applications/Unity/Hub/Editor/2020.2.1f1/Unity.app/Contents/Resources/UnitySubsystems
[Subsystems] Discovering subsystems at path /Users/jasonman/Documents/Final sem/COMP3329/ProjectGit/gitForProject/FackMaskFactory/Assets
GfxDevice: creating device client; threaded=0
2021-02-26 15:08:23.472 Unity[15931:832223] (null) preferred device: Apple M1 (high power)
2021-02-26 15:08:23.472 Unity[15931:832223] Metal devices available: 1
2021-02-26 15:08:23.472 Unity[15931:832223] 0: Apple M1 (high power)
2021-02-26 15:08:23.472 Unity[15931:832223] Using device Apple M1 (high power)
Initializing Metal device caps: Apple M1
Initialize mono
Mono path[0] = '/Applications/Unity/Hub/Editor/2020.2.1f1/Unity.app/Contents/Managed'
Mono path[1] = '/Applications/Unity/Hub/Editor/2020.2.1f1/Unity.app/Contents/MonoBleedingEdge/lib/mono/unityjit'
Mono config path = '/Applications/Unity/Hub/Editor/2020.2.1f1/Unity.app/Contents/MonoBleedingEdge/etc'
Using monoOptions --debugger-agent=transport=dt_socket,embedding=1,server=y,suspend=n,address=127.0.0.1:56931
Begin MonoManager ReloadAssembly
Registering precompiled unity dll's ...
Register platform support module: /Applications/Unity/Hub/Editor/2020.2.1f1/Unity.app/Contents/PlaybackEngines/MacStandaloneSupport/UnityEditor.OSXStandalone.Extensions.dll
Registered in 0.001926 seconds.
Native extension for OSXStandalone target not found
Refreshing native plugins compatible for Editor in 39.85 ms, found 2 plugins.
Preloading 0 native plugins for Editor in 0.00 ms.
Invoked RoslynAnalysisRunner static constructor.
RoslynAnalysisRunner will not be running.
RoslynAnalysisRunner has terminated.
Mono: successfully reloaded assembly
- Completed reload, in  3.991 seconds
Platform modules already initialized, skipping
Registering precompiled user dll's ...
Registered in 0.000809 seconds.
Begin MonoManager ReloadAssembly
Native extension for OSXStandalone target not found
Refreshing native plugins compatible for Editor in 38.60 ms, found 2 plugins.
Preloading 0 native plugins for Editor in 0.00 ms.
Invoked RoslynAnalysisRunner static constructor.
RoslynAnalysisRunner will not be running.
RoslynAnalysisRunner has terminated.
Mono: successfully reloaded assembly
- Completed reload, in  1.920 seconds
Platform modules already initialized, skipping
========================================================================
Worker process is ready to serve import requests
Launching external process: /Applications/Unity/Hub/Editor/2020.2.1f1/Unity.app/Contents/Tools/UnityShaderCompiler
Launched and connected shader compiler UnityShaderCompiler after 0.03 seconds
Refreshing native plugins compatible for Editor in 0.33 ms, found 2 plugins.
Preloading 0 native plugins for Editor in 0.00 ms.
Unloading 2087 Unused Serialized files (Serialized files now loaded: 0)
System memory in use before: 162.0 MB.
System memory in use after: 162.0 MB.

Unloading 26 unused Assets to reduce memory usage. Loaded Objects now: 2530.
Total: 1.647709 ms (FindLiveObjects: 0.191208 ms CreateObjectMapping: 0.040000 ms MarkObjects: 1.322083 ms  DeleteObjects: 0.093750 ms)

========================================================================
Received Import Request.
  path: Assets/Scenes/waitingRoom.unity
  artifactKey: Guid(9098e52a8ea2b4512898de328c35c477) Importer(815301076,1909f56bfc062723c751e8b465ee728b)
Start importing Assets/Scenes/waitingRoom.unity using Guid(9098e52a8ea2b4512898de328c35c477) Importer(815301076,1909f56bfc062723c751e8b465ee728b)  -> (artifact id: '8fd9df43f090b3d525309178a2b1821c') in 0.017313 seconds
  Import took 0.020499 seconds .

